<?xml version="1.0" encoding="utf-8" standalone="no"?>
<test-run id="2" testcasecount="0" result="Failed" label="Invalid" total="0" passed="0" failed="0" inconclusive="0" skipped="0" asserts="0" engine-version="3.6.1.0" clr-version="4.0.30319.42000" start-time="2017-04-25 15:32:48Z" end-time="2017-04-25 15:32:49Z" duration="0.514655">
  <command-line><![CDATA["C:\Users\Jenei\Drive\VIK\6\Integrációs és ellenőrzési technikák\házi\EmailValidation\packages\NUnit.ConsoleRunner.3.6.1\tools\nunit3-console.exe" ./UnitTests/bin/Release/UnitTests.dll]]></command-line>
  <test-suite type="Assembly" id="0-1" name="UnitTests.dll" fullname="C:\Users\Jenei\Drive\VIK\6\Integrációs és ellenőrzési technikák\házi\EmailValidation\UnitTests\bin\Release\UnitTests.dll" testcasecount="0" runstate="NotRunnable" result="Failed" label="Invalid">
    <properties>
      <property name="_SKIPREASON" value="File not found: C:\Users\Jenei\Drive\VIK\6\Integrációs és ellenőrzési technikák\házi\EmailValidation\UnitTests\bin\Release\UnitTests.dll" />
    </properties>
    <reason>
      <message>File not found: C:\Users\Jenei\Drive\VIK\6\Integrációs és ellenőrzési technikák\házi\EmailValidation\UnitTests\bin\Release\UnitTests.dll</message>
    </reason>
  </test-suite>
</test-run>